<?xml version="1.0" encoding="UTF-8"?>
<!-- Generated by org.testng.reporters.JUnitReportReporter -->
<testsuite hostname="DESKTOP-30D7VOM" failures="0" tests="7" name="com.vtiger.practice.TestNgPractice2Test" time="0.212" errors="0" timestamp="2022-05-31T12:04:58 IST" skipped="0">
  <testcase classname="com.vtiger.practice.TestNgPractice2Test" name="practice1Test" time="0.011"/>
  <system-out>
    <![CDATA[TestNgPractice2Test --> Test1]]>
  </system-out>
  <testcase classname="com.vtiger.practice.TestNgPractice2Test" name="mohan1" time="0.007"/>
  <system-out>
    <![CDATA[ashwin]]>
  </system-out>
  <testcase classname="com.vtiger.practice.TestNgPractice2Test" name="practice4Test" time="0.005"/>
  <system-out>
    <![CDATA[TestNgPractice2Test --> Test4]]>
  </system-out>
  <testcase classname="com.vtiger.practice.TestNgPractice2Test" name="practice5Test" time="0.005"/>
  <system-out>
    <![CDATA[TestNgPractice2Test --> Test5]]>
  </system-out>
  <testcase classname="com.vtiger.practice.TestNgPractice2Test" name="practice2Test" time="0.009"/>
  <system-out>
    <![CDATA[TestNgPractice2Test --> Test2]]>
  </system-out>
  <testcase classname="com.vtiger.practice.TestNgPractice2Test" name="practice3Test" time="0.005"/>
  <system-out>
    <![CDATA[TestNgPractice2Test --> Test3]]>
  </system-out>
  <testcase classname="com.vtiger.practice.TestNgPractice2Test" name="mohan" time="0.170"/>
  <system-out>
    <![CDATA[siddanth]]>
  </system-out>
</testsuite> <!-- com.vtiger.practice.TestNgPractice2Test -->
